<?xml version="1.0" encoding="UTF-8"?>
<!-- Generated by org.testng.reporters.JUnitReportReporter -->
<testsuite hostname="Abhiksha" failures="0" tests="1" name="DemoMaven.MavenTest1.AddOrRemove" time="12.235" errors="0" timestamp="2024-01-29T20:06:43 IST" skipped="0">
  <testcase classname="DemoMaven.MavenTest1.AddOrRemove" name="test" time="12.235"/>
</testsuite> <!-- DemoMaven.MavenTest1.AddOrRemove -->
